<?xml version="1.0" encoding="UTF-8"?>
<!-- Generated by org.testng.reporters.JUnitXMLReporter -->
<testsuite hostname="Abhisheks-MacBook-Pro.local" name="Finleap Web Test Cases" tests="3" failures="0" timestamp="20 Jan 2020 21:08:26 GMT" time="34.475" errors="0">
  <testcase name="signupTest" time="1.434" classname="com.fin.qa.testcases.SignupPageTest"/>
  <testcase name="validloginTest" time="2.287" classname="com.fin.qa.testcases.LoginTest"/>
  <testcase name="invalidloginTest" time="3.604" classname="com.fin.qa.testcases.LoginTest"/>
</testsuite> <!-- Finleap Web Test Cases -->
